<?xml version="1.0" ?>
<trends>
    <trendsgroup date="201205281000">
    </trendsgroup>
    <trendsgroup date="201205281200">
        <trend name="#confessionhour4" query="&#34;nasd asda sd ad&#34;" />
        <trend name="#confessionhour5"/>
    </trendsgroup>
</trends>
